2024-02-05 18:33:50.479 [main] INFO  c.safetynet.alerts.AlertsApplication - Starting AlertsApplication using Java 21 with PID 19988 (C:\Users\Pochi\Documents\Projet5\alerts\alerts\target\classes started by Pochi in C:\Users\Pochi\Documents\Projet5\alerts\alerts)
2024-02-05 18:33:50.486 [main] INFO  c.safetynet.alerts.AlertsApplication - No active profile set, falling back to 1 default profile: "default"
2024-02-05 18:33:52.163 [main] INFO  o.s.b.w.e.tomcat.TomcatWebServer - Tomcat initialized with port 8080 (http)
2024-02-05 18:33:52.194 [main] INFO  o.a.coyote.http11.Http11NioProtocol - Initializing ProtocolHandler ["http-nio-8080"]
2024-02-05 18:33:52.203 [main] INFO  o.a.catalina.core.StandardService - Starting service [Tomcat]
2024-02-05 18:33:52.204 [main] INFO  o.a.catalina.core.StandardEngine - Starting Servlet engine: [Apache Tomcat/10.1.17]
2024-02-05 18:33:52.277 [main] INFO  o.a.c.c.C.[Tomcat].[localhost].[/] - Initializing Spring embedded WebApplicationContext
2024-02-05 18:33:52.279 [main] INFO  o.s.b.w.s.c.ServletWebServerApplicationContext - Root WebApplicationContext: initialization completed in 1715 ms
2024-02-05 18:33:52.873 [main] INFO  o.a.coyote.http11.Http11NioProtocol - Starting ProtocolHandler ["http-nio-8080"]
2024-02-05 18:33:52.904 [main] INFO  o.s.b.w.e.tomcat.TomcatWebServer - Tomcat started on port 8080 (http) with context path ''
2024-02-05 18:33:52.914 [main] INFO  c.safetynet.alerts.AlertsApplication - Started AlertsApplication in 3.225 seconds (process running for 3.801)
2024-02-05 18:34:11.036 [http-nio-8080-exec-2] INFO  o.a.c.c.C.[Tomcat].[localhost].[/] - Initializing Spring DispatcherServlet 'dispatcherServlet'
2024-02-05 18:34:11.038 [http-nio-8080-exec-2] INFO  o.s.web.servlet.DispatcherServlet - Initializing Servlet 'dispatcherServlet'
2024-02-05 18:34:11.047 [http-nio-8080-exec-2] INFO  o.s.web.servlet.DispatcherServlet - Completed initialization in 7 ms
2024-02-05 18:34:11.134 [http-nio-8080-exec-2] ERROR com.safetynet.alerts.model.JsonElts - Pas trouvé
2024-02-05 18:39:05.891 [main] INFO  c.safetynet.alerts.AlertsApplication - Starting AlertsApplication using Java 21 with PID 20104 (C:\Users\Pochi\Documents\Projet5\alerts\alerts\target\classes started by Pochi in C:\Users\Pochi\Documents\Projet5\alerts\alerts)
2024-02-05 18:39:05.902 [main] INFO  c.safetynet.alerts.AlertsApplication - No active profile set, falling back to 1 default profile: "default"
2024-02-05 18:39:07.766 [main] INFO  o.s.b.w.e.tomcat.TomcatWebServer - Tomcat initialized with port 8080 (http)
2024-02-05 18:39:07.782 [main] INFO  o.a.coyote.http11.Http11NioProtocol - Initializing ProtocolHandler ["http-nio-8080"]
2024-02-05 18:39:07.785 [main] INFO  o.a.catalina.core.StandardService - Starting service [Tomcat]
2024-02-05 18:39:07.786 [main] INFO  o.a.catalina.core.StandardEngine - Starting Servlet engine: [Apache Tomcat/10.1.17]
2024-02-05 18:39:07.866 [main] INFO  o.a.c.c.C.[Tomcat].[localhost].[/] - Initializing Spring embedded WebApplicationContext
2024-02-05 18:39:07.867 [main] INFO  o.s.b.w.s.c.ServletWebServerApplicationContext - Root WebApplicationContext: initialization completed in 1859 ms
2024-02-05 18:39:08.450 [main] INFO  o.a.coyote.http11.Http11NioProtocol - Starting ProtocolHandler ["http-nio-8080"]
2024-02-05 18:39:08.484 [main] INFO  o.s.b.w.e.tomcat.TomcatWebServer - Tomcat started on port 8080 (http) with context path ''
2024-02-05 18:39:08.497 [main] INFO  c.safetynet.alerts.AlertsApplication - Started AlertsApplication in 3.468 seconds (process running for 4.112)
2024-02-05 18:39:12.172 [http-nio-8080-exec-1] INFO  o.a.c.c.C.[Tomcat].[localhost].[/] - Initializing Spring DispatcherServlet 'dispatcherServlet'
2024-02-05 18:39:12.173 [http-nio-8080-exec-1] INFO  o.s.web.servlet.DispatcherServlet - Initializing Servlet 'dispatcherServlet'
2024-02-05 18:39:12.175 [http-nio-8080-exec-1] INFO  o.s.web.servlet.DispatcherServlet - Completed initialization in 1 ms
2024-02-05 18:39:12.233 [http-nio-8080-exec-1] ERROR com.safetynet.alerts.model.JsonElts - Not found by value :johnboy
2024-02-05 18:40:16.841 [main] INFO  c.safetynet.alerts.AlertsApplication - Starting AlertsApplication using Java 21 with PID 11056 (C:\Users\Pochi\Documents\Projet5\alerts\alerts\target\classes started by Pochi in C:\Users\Pochi\Documents\Projet5\alerts\alerts)
2024-02-05 18:40:16.847 [main] INFO  c.safetynet.alerts.AlertsApplication - No active profile set, falling back to 1 default profile: "default"
2024-02-05 18:40:18.687 [main] INFO  o.s.b.w.e.tomcat.TomcatWebServer - Tomcat initialized with port 8080 (http)
2024-02-05 18:40:18.738 [main] INFO  o.a.coyote.http11.Http11NioProtocol - Initializing ProtocolHandler ["http-nio-8080"]
2024-02-05 18:40:18.743 [main] INFO  o.a.catalina.core.StandardService - Starting service [Tomcat]
2024-02-05 18:40:18.744 [main] INFO  o.a.catalina.core.StandardEngine - Starting Servlet engine: [Apache Tomcat/10.1.17]
2024-02-05 18:40:18.835 [main] INFO  o.a.c.c.C.[Tomcat].[localhost].[/] - Initializing Spring embedded WebApplicationContext
2024-02-05 18:40:18.838 [main] INFO  o.s.b.w.s.c.ServletWebServerApplicationContext - Root WebApplicationContext: initialization completed in 1878 ms
2024-02-05 18:40:19.475 [main] INFO  o.a.coyote.http11.Http11NioProtocol - Starting ProtocolHandler ["http-nio-8080"]
2024-02-05 18:40:19.505 [main] INFO  o.s.b.w.e.tomcat.TomcatWebServer - Tomcat started on port 8080 (http) with context path ''
2024-02-05 18:40:19.515 [main] INFO  c.safetynet.alerts.AlertsApplication - Started AlertsApplication in 3.604 seconds (process running for 4.207)
2024-02-05 18:40:22.333 [http-nio-8080-exec-1] INFO  o.a.c.c.C.[Tomcat].[localhost].[/] - Initializing Spring DispatcherServlet 'dispatcherServlet'
2024-02-05 18:40:22.333 [http-nio-8080-exec-1] INFO  o.s.web.servlet.DispatcherServlet - Initializing Servlet 'dispatcherServlet'
2024-02-05 18:40:22.335 [http-nio-8080-exec-1] INFO  o.s.web.servlet.DispatcherServlet - Completed initialization in 2 ms
2024-02-05 18:40:22.425 [http-nio-8080-exec-1] ERROR com.safetynet.alerts.model.JsonElts -  'Person' Not found by value :johnboy
2024-02-05 18:54:48.731 [main] INFO  c.safetynet.alerts.AlertsApplication - Starting AlertsApplication using Java 21 with PID 11236 (C:\Users\Pochi\Documents\Projet5\alerts\alerts\target\classes started by Pochi in C:\Users\Pochi\Documents\Projet5\alerts\alerts)
2024-02-05 18:54:48.738 [main] INFO  c.safetynet.alerts.AlertsApplication - No active profile set, falling back to 1 default profile: "default"
2024-02-05 18:54:50.414 [main] INFO  o.s.b.w.e.tomcat.TomcatWebServer - Tomcat initialized with port 8080 (http)
2024-02-05 18:54:50.443 [main] INFO  o.a.coyote.http11.Http11NioProtocol - Initializing ProtocolHandler ["http-nio-8080"]
2024-02-05 18:54:50.447 [main] INFO  o.a.catalina.core.StandardService - Starting service [Tomcat]
2024-02-05 18:54:50.447 [main] INFO  o.a.catalina.core.StandardEngine - Starting Servlet engine: [Apache Tomcat/10.1.17]
2024-02-05 18:54:50.520 [main] INFO  o.a.c.c.C.[Tomcat].[localhost].[/] - Initializing Spring embedded WebApplicationContext
2024-02-05 18:54:50.521 [main] INFO  o.s.b.w.s.c.ServletWebServerApplicationContext - Root WebApplicationContext: initialization completed in 1704 ms
2024-02-05 18:54:51.125 [main] INFO  o.a.coyote.http11.Http11NioProtocol - Starting ProtocolHandler ["http-nio-8080"]
2024-02-05 18:54:51.159 [main] INFO  o.s.b.w.e.tomcat.TomcatWebServer - Tomcat started on port 8080 (http) with context path ''
2024-02-05 18:54:51.176 [main] INFO  c.safetynet.alerts.AlertsApplication - Started AlertsApplication in 3.236 seconds (process running for 3.855)
2024-02-05 18:54:51.309 [http-nio-8080-exec-1] INFO  o.a.c.c.C.[Tomcat].[localhost].[/] - Initializing Spring DispatcherServlet 'dispatcherServlet'
2024-02-05 18:54:51.311 [http-nio-8080-exec-1] INFO  o.s.web.servlet.DispatcherServlet - Initializing Servlet 'dispatcherServlet'
2024-02-05 18:54:51.313 [http-nio-8080-exec-1] INFO  o.s.web.servlet.DispatcherServlet - Completed initialization in 2 ms
2024-02-05 18:54:51.375 [http-nio-8080-exec-1] ERROR com.safetynet.alerts.model.JsonElts -  'Person' couldn't be deleted - Not found by value :johnboy
2024-02-05 18:54:55.650 [http-nio-8080-exec-2] INFO  com.safetynet.alerts.model.JsonElts -  'Person' correctly modified - Value:johnboyd
2024-02-05 18:55:02.401 [http-nio-8080-exec-3] INFO  com.safetynet.alerts.model.JsonElts -  'Person' correctly created - 'Person' :testtest
2024-02-05 18:55:06.922 [http-nio-8080-exec-4] INFO  com.safetynet.alerts.model.JsonElts -  'Person' correctly deleted - Value:johnboyd
2024-02-05 18:56:35.146 [main] INFO  c.s.alerts.AlertsApplicationTests - Starting AlertsApplicationTests using Java 21 with PID 16700 (started by Pochi in C:\Users\Pochi\Documents\Projet5\alerts\alerts)
2024-02-05 18:56:35.148 [main] INFO  c.s.alerts.AlertsApplicationTests - No active profile set, falling back to 1 default profile: "default"
2024-02-05 18:56:37.026 [main] INFO  c.s.alerts.AlertsApplicationTests - Started AlertsApplicationTests in 2.373 seconds (process running for 3.989)
2024-02-06 07:55:58.949 [main] INFO  c.safetynet.alerts.AlertsApplication - Starting AlertsApplication using Java 21 with PID 6412 (C:\Users\Pochi\Documents\Projet5\alerts\alerts\target\classes started by Pochi in C:\Users\Pochi\Documents\Projet5\alerts\alerts)
2024-02-06 07:55:58.954 [main] INFO  c.safetynet.alerts.AlertsApplication - No active profile set, falling back to 1 default profile: "default"
2024-02-06 07:56:00.514 [main] INFO  o.s.b.w.e.tomcat.TomcatWebServer - Tomcat initialized with port 8080 (http)
2024-02-06 07:56:00.534 [main] INFO  o.a.coyote.http11.Http11NioProtocol - Initializing ProtocolHandler ["http-nio-8080"]
2024-02-06 07:56:00.539 [main] INFO  o.a.catalina.core.StandardService - Starting service [Tomcat]
2024-02-06 07:56:00.539 [main] INFO  o.a.catalina.core.StandardEngine - Starting Servlet engine: [Apache Tomcat/10.1.17]
2024-02-06 07:56:00.618 [main] INFO  o.a.c.c.C.[Tomcat].[localhost].[/] - Initializing Spring embedded WebApplicationContext
2024-02-06 07:56:00.619 [main] INFO  o.s.b.w.s.c.ServletWebServerApplicationContext - Root WebApplicationContext: initialization completed in 1595 ms
2024-02-06 07:56:01.263 [main] INFO  o.a.coyote.http11.Http11NioProtocol - Starting ProtocolHandler ["http-nio-8080"]
2024-02-06 07:56:01.292 [main] INFO  o.s.b.w.e.tomcat.TomcatWebServer - Tomcat started on port 8080 (http) with context path ''
2024-02-06 07:56:01.304 [main] INFO  c.safetynet.alerts.AlertsApplication - Started AlertsApplication in 3.235 seconds (process running for 4.019)
2024-02-06 07:56:11.624 [http-nio-8080-exec-2] INFO  o.a.c.c.C.[Tomcat].[localhost].[/] - Initializing Spring DispatcherServlet 'dispatcherServlet'
2024-02-06 07:56:11.625 [http-nio-8080-exec-2] INFO  o.s.web.servlet.DispatcherServlet - Initializing Servlet 'dispatcherServlet'
2024-02-06 07:56:11.627 [http-nio-8080-exec-2] INFO  o.s.web.servlet.DispatcherServlet - Completed initialization in 2 ms
2024-02-06 07:56:11.682 [http-nio-8080-exec-2] INFO  com.safetynet.alerts.model.JsonElts -  'Person' correctly deleted - Value:johnboyd
2024-02-06 07:56:20.310 [http-nio-8080-exec-1] ERROR com.safetynet.alerts.model.JsonElts -  'Person' couldn't be deleted - Not found by value :johnboy
2024-02-06 08:02:38.887 [main] INFO  c.safetynet.alerts.AlertsApplication - Starting AlertsApplication using Java 21 with PID 16968 (C:\Users\Pochi\Documents\Projet5\alerts\alerts\target\classes started by Pochi in C:\Users\Pochi\Documents\Projet5\alerts\alerts)
2024-02-06 08:02:38.893 [main] INFO  c.safetynet.alerts.AlertsApplication - No active profile set, falling back to 1 default profile: "default"
2024-02-06 08:02:40.486 [main] INFO  o.s.b.w.e.tomcat.TomcatWebServer - Tomcat initialized with port 8080 (http)
2024-02-06 08:02:40.511 [main] INFO  o.a.coyote.http11.Http11NioProtocol - Initializing ProtocolHandler ["http-nio-8080"]
2024-02-06 08:02:40.515 [main] INFO  o.a.catalina.core.StandardService - Starting service [Tomcat]
2024-02-06 08:02:40.515 [main] INFO  o.a.catalina.core.StandardEngine - Starting Servlet engine: [Apache Tomcat/10.1.17]
2024-02-06 08:02:40.591 [main] INFO  o.a.c.c.C.[Tomcat].[localhost].[/] - Initializing Spring embedded WebApplicationContext
2024-02-06 08:02:40.593 [main] INFO  o.s.b.w.s.c.ServletWebServerApplicationContext - Root WebApplicationContext: initialization completed in 1625 ms
2024-02-06 08:02:41.421 [main] INFO  o.a.coyote.http11.Http11NioProtocol - Starting ProtocolHandler ["http-nio-8080"]
2024-02-06 08:02:41.462 [main] INFO  o.s.b.w.e.tomcat.TomcatWebServer - Tomcat started on port 8080 (http) with context path ''
2024-02-06 08:02:41.475 [main] INFO  c.safetynet.alerts.AlertsApplication - Started AlertsApplication in 3.406 seconds (process running for 4.006)
2024-02-06 08:02:51.792 [http-nio-8080-exec-1] INFO  o.a.c.c.C.[Tomcat].[localhost].[/] - Initializing Spring DispatcherServlet 'dispatcherServlet'
2024-02-06 08:02:51.793 [http-nio-8080-exec-1] INFO  o.s.web.servlet.DispatcherServlet - Initializing Servlet 'dispatcherServlet'
2024-02-06 08:02:51.793 [http-nio-8080-exec-1] INFO  o.s.web.servlet.DispatcherServlet - Completed initialization in 0 ms
2024-02-06 08:02:51.840 [http-nio-8080-exec-1] WARN  o.s.w.s.m.s.DefaultHandlerExceptionResolver - Resolved [org.springframework.web.bind.MissingServletRequestParameterException: Required request parameter 'mail' for method parameter type String is not present]
2024-02-06 08:18:34.623 [main] INFO  c.s.alerts.AlertsApplicationTests - Starting AlertsApplicationTests using Java 21 with PID 11004 (started by Pochi in C:\Users\Pochi\Documents\Projet5\alerts\alerts)
2024-02-06 08:18:34.625 [main] INFO  c.s.alerts.AlertsApplicationTests - No active profile set, falling back to 1 default profile: "default"
2024-02-06 08:18:36.496 [main] INFO  c.s.alerts.AlertsApplicationTests - Started AlertsApplicationTests in 2.471 seconds (process running for 3.811)
2024-02-06 08:18:37.810 [main] INFO  o.s.t.c.s.AnnotationConfigContextLoaderUtils - Could not detect default configuration classes for test class [com.safetynet.alerts.JsonReadTests]: JsonReadTests does not declare any static, non-private, non-final, nested classes annotated with @Configuration.
2024-02-06 08:18:37.813 [main] INFO  o.s.b.t.c.SpringBootTestContextBootstrapper - Found @SpringBootConfiguration com.safetynet.alerts.AlertsApplication for test class com.safetynet.alerts.JsonReadTests
2024-02-06 08:22:07.455 [main] INFO  c.s.alerts.AlertsApplicationTests - Starting AlertsApplicationTests using Java 21 with PID 7380 (started by Pochi in C:\Users\Pochi\Documents\Projet5\alerts\alerts)
2024-02-06 08:22:07.457 [main] INFO  c.s.alerts.AlertsApplicationTests - No active profile set, falling back to 1 default profile: "default"
2024-02-06 08:22:09.393 [main] INFO  c.s.alerts.AlertsApplicationTests - Started AlertsApplicationTests in 2.403 seconds (process running for 3.723)
2024-02-06 08:22:10.603 [main] INFO  o.s.t.c.s.AnnotationConfigContextLoaderUtils - Could not detect default configuration classes for test class [com.safetynet.alerts.JsonReadTests]: JsonReadTests does not declare any static, non-private, non-final, nested classes annotated with @Configuration.
2024-02-06 08:22:10.606 [main] INFO  o.s.b.t.c.SpringBootTestContextBootstrapper - Found @SpringBootConfiguration com.safetynet.alerts.AlertsApplication for test class com.safetynet.alerts.JsonReadTests
2024-02-06 08:23:32.755 [main] INFO  c.s.alerts.AlertsApplicationTests - Starting AlertsApplicationTests using Java 21 with PID 13696 (started by Pochi in C:\Users\Pochi\Documents\Projet5\alerts\alerts)
2024-02-06 08:23:32.758 [main] INFO  c.s.alerts.AlertsApplicationTests - No active profile set, falling back to 1 default profile: "default"
2024-02-06 08:23:34.491 [main] INFO  c.s.alerts.AlertsApplicationTests - Started AlertsApplicationTests in 2.2 seconds (process running for 3.433)
2024-02-06 08:23:35.634 [main] INFO  o.s.t.c.s.AnnotationConfigContextLoaderUtils - Could not detect default configuration classes for test class [com.safetynet.alerts.JsonReadTests]: JsonReadTests does not declare any static, non-private, non-final, nested classes annotated with @Configuration.
2024-02-06 08:23:35.637 [main] INFO  o.s.b.t.c.SpringBootTestContextBootstrapper - Found @SpringBootConfiguration com.safetynet.alerts.AlertsApplication for test class com.safetynet.alerts.JsonReadTests
2024-02-06 08:25:34.402 [main] INFO  c.s.alerts.AlertsApplicationTests - Starting AlertsApplicationTests using Java 21 with PID 7724 (started by Pochi in C:\Users\Pochi\Documents\Projet5\alerts\alerts)
2024-02-06 08:25:34.404 [main] INFO  c.s.alerts.AlertsApplicationTests - No active profile set, falling back to 1 default profile: "default"
2024-02-06 08:25:36.244 [main] INFO  c.s.alerts.AlertsApplicationTests - Started AlertsApplicationTests in 2.294 seconds (process running for 3.514)
2024-02-06 08:26:18.291 [main] INFO  c.s.alerts.AlertsApplicationTests - Starting AlertsApplicationTests using Java 21 with PID 3840 (started by Pochi in C:\Users\Pochi\Documents\Projet5\alerts\alerts)
2024-02-06 08:26:18.294 [main] INFO  c.s.alerts.AlertsApplicationTests - No active profile set, falling back to 1 default profile: "default"
2024-02-06 08:26:20.512 [main] INFO  c.s.alerts.AlertsApplicationTests - Started AlertsApplicationTests in 2.766 seconds (process running for 4.331)
2024-02-06 08:26:21.821 [main] INFO  o.s.t.c.s.AnnotationConfigContextLoaderUtils - Could not detect default configuration classes for test class [com.safetynet.alerts.JsonReadTests]: JsonReadTests does not declare any static, non-private, non-final, nested classes annotated with @Configuration.
2024-02-06 08:26:21.825 [main] INFO  o.s.b.t.c.SpringBootTestContextBootstrapper - Found @SpringBootConfiguration com.safetynet.alerts.AlertsApplication for test class com.safetynet.alerts.JsonReadTests
2024-02-06 08:30:29.264 [main] INFO  c.s.alerts.AlertsApplicationTests - Starting AlertsApplicationTests using Java 21 with PID 21480 (started by Pochi in C:\Users\Pochi\Documents\Projet5\alerts\alerts)
2024-02-06 08:30:29.269 [main] INFO  c.s.alerts.AlertsApplicationTests - No active profile set, falling back to 1 default profile: "default"
2024-02-06 08:30:32.092 [main] INFO  c.s.alerts.AlertsApplicationTests - Started AlertsApplicationTests in 3.668 seconds (process running for 6.356)
2024-02-06 08:30:33.692 [main] INFO  o.s.t.c.s.AnnotationConfigContextLoaderUtils - Could not detect default configuration classes for test class [com.safetynet.alerts.JsonReadTests]: JsonReadTests does not declare any static, non-private, non-final, nested classes annotated with @Configuration.
2024-02-06 08:30:33.695 [main] INFO  o.s.b.t.c.SpringBootTestContextBootstrapper - Found @SpringBootConfiguration com.safetynet.alerts.AlertsApplication for test class com.safetynet.alerts.JsonReadTests
2024-02-09 16:54:39.225 [main] INFO  c.s.alerts.AlertsApplicationTests - Starting AlertsApplicationTests using Java 21 with PID 15320 (started by Pochi in C:\Users\Pochi\Documents\Projet5\alerts\alerts)
2024-02-09 16:54:39.229 [main] INFO  c.s.alerts.AlertsApplicationTests - No active profile set, falling back to 1 default profile: "default"
2024-02-09 16:54:40.750 [main] WARN  o.s.w.c.s.GenericWebApplicationContext - Exception encountered during context initialization - cancelling refresh attempt: org.springframework.beans.factory.UnsatisfiedDependencyException: Error creating bean with name 'crudController': Unsatisfied dependency expressed through field 'jsonReader': No qualifying bean of type 'com.safetynet.alerts.model.JsonReader' available: expected at least 1 bean which qualifies as autowire candidate. Dependency annotations: {@org.springframework.beans.factory.annotation.Autowired(required=true)}
2024-02-09 16:54:40.766 [main] INFO  o.s.b.a.l.ConditionEvaluationReportLogger - 

Error starting ApplicationContext. To display the condition evaluation report re-run your application with 'debug' enabled.
2024-02-09 16:54:40.844 [main] ERROR o.s.b.d.LoggingFailureAnalysisReporter - 

***************************
APPLICATION FAILED TO START
***************************

Description:

Field jsonReader in com.safetynet.alerts.controller.CrudController required a bean of type 'com.safetynet.alerts.model.JsonReader' that could not be found.

The injection point has the following annotations:
	- @org.springframework.beans.factory.annotation.Autowired(required=true)


Action:

Consider defining a bean of type 'com.safetynet.alerts.model.JsonReader' in your configuration.

2024-02-09 16:54:40.864 [main] WARN  o.s.test.context.TestContextManager - Caught exception while allowing TestExecutionListener [org.springframework.test.context.support.DependencyInjectionTestExecutionListener] to prepare test instance [com.safetynet.alerts.AlertsApplicationTests@29dcad7e]
java.lang.IllegalStateException: Failed to load ApplicationContext for [WebMergedContextConfiguration@299c86f0 testClass = com.safetynet.alerts.AlertsApplicationTests, locations = [], classes = [com.safetynet.alerts.AlertsApplication], contextInitializerClasses = [], activeProfiles = [], propertySourceDescriptors = [], propertySourceProperties = ["org.springframework.boot.test.autoconfigure.web.servlet.WebMvcTestContextBootstrapper=true"], contextCustomizers = [[ImportsContextCustomizer@4fbed6fc key = [org.springframework.boot.autoconfigure.task.TaskExecutionAutoConfiguration, org.springframework.boot.autoconfigure.cache.CacheAutoConfiguration, org.springframework.boot.autoconfigure.web.servlet.HttpEncodingAutoConfiguration, org.springframework.boot.autoconfigure.validation.ValidationAutoConfiguration, org.springframework.boot.autoconfigure.context.MessageSourceAutoConfiguration, org.springframework.boot.autoconfigure.hateoas.HypermediaAutoConfiguration, org.springframework.boot.autoconfigure.data.web.SpringDataWebAutoConfiguration, org.springframework.boot.autoconfigure.jackson.JacksonAutoConfiguration, org.springframework.boot.test.autoconfigure.web.reactive.WebTestClientAutoConfiguration, org.springframework.boot.autoconfigure.web.servlet.error.ErrorMvcAutoConfiguration, org.springframework.boot.test.autoconfigure.web.servlet.MockMvcAutoConfiguration, org.springframework.boot.autoconfigure.security.servlet.SecurityAutoConfiguration, org.springframework.boot.autoconfigure.security.servlet.SecurityFilterAutoConfiguration, org.springframework.boot.autoconfigure.http.HttpMessageConvertersAutoConfiguration, org.springframework.boot.autoconfigure.security.oauth2.client.servlet.OAuth2ClientAutoConfiguration, org.springframework.boot.test.autoconfigure.web.servlet.MockMvcSecurityConfiguration, org.springframework.boot.test.autoconfigure.web.servlet.MockMvcWebClientAutoConfiguration, org.springframework.boot.test.autoconfigure.web.servlet.MockMvcWebDriverAutoConfiguration, org.springframework.boot.autoconfigure.thymeleaf.ThymeleafAutoConfiguration, org.springframework.boot.autoconfigure.gson.GsonAutoConfiguration, org.springframework.boot.autoconfigure.jsonb.JsonbAutoConfiguration, org.springframework.boot.autoconfigure.freemarker.FreeMarkerAutoConfiguration, org.springframework.boot.autoconfigure.web.servlet.WebMvcAutoConfiguration, org.springframework.boot.autoconfigure.security.servlet.UserDetailsServiceAutoConfiguration, org.springframework.boot.autoconfigure.security.oauth2.resource.servlet.OAuth2ResourceServerAutoConfiguration, org.springframework.boot.autoconfigure.groovy.template.GroovyTemplateAutoConfiguration, org.springframework.boot.autoconfigure.mustache.MustacheAutoConfiguration]], org.springframework.boot.test.context.filter.ExcludeFilterContextCustomizer@55b5e331, org.springframework.boot.test.json.DuplicateJsonObjectContextCustomizerFactory$DuplicateJsonObjectContextCustomizer@456abb66, org.springframework.boot.test.mock.mockito.MockitoContextCustomizer@0, org.springframework.boot.test.autoconfigure.OverrideAutoConfigurationContextCustomizerFactory$DisableAutoConfigurationContextCustomizer@ec50f54, org.springframework.boot.test.autoconfigure.actuate.observability.ObservabilityContextCustomizerFactory$DisableObservabilityContextCustomizer@1f, org.springframework.boot.test.autoconfigure.filter.TypeExcludeFiltersContextCustomizer@aeac15bf, org.springframework.boot.test.autoconfigure.properties.PropertyMappingContextCustomizer@d4ebd606, org.springframework.boot.test.autoconfigure.web.servlet.WebDriverContextCustomizer@30e92cb9, org.springframework.boot.test.context.SpringBootTestAnnotation@3a6a7e8c], resourceBasePath = "src/main/webapp", contextLoader = org.springframework.boot.test.context.SpringBootContextLoader, parent = null]
	at org.springframework.test.context.cache.DefaultCacheAwareContextLoaderDelegate.loadContext(DefaultCacheAwareContextLoaderDelegate.java:180)
	at org.springframework.test.context.support.DefaultTestContext.getApplicationContext(DefaultTestContext.java:130)
	at org.springframework.test.context.support.DependencyInjectionTestExecutionListener.injectDependencies(DependencyInjectionTestExecutionListener.java:141)
	at org.springframework.test.context.support.DependencyInjectionTestExecutionListener.prepareTestInstance(DependencyInjectionTestExecutionListener.java:97)
	at org.springframework.test.context.TestContextManager.prepareTestInstance(TestContextManager.java:260)
	at org.springframework.test.context.junit.jupiter.SpringExtension.postProcessTestInstance(SpringExtension.java:163)
	at org.junit.jupiter.engine.descriptor.ClassBasedTestDescriptor.lambda$invokeTestInstancePostProcessors$10(ClassBasedTestDescriptor.java:378)
	at org.junit.jupiter.engine.descriptor.ClassBasedTestDescriptor.executeAndMaskThrowable(ClassBasedTestDescriptor.java:383)
	at org.junit.jupiter.engine.descriptor.ClassBasedTestDescriptor.lambda$invokeTestInstancePostProcessors$11(ClassBasedTestDescriptor.java:378)
	at java.base/java.util.stream.ReferencePipeline$3$1.accept(ReferencePipeline.java:197)
	at java.base/java.util.stream.ReferencePipeline$2$1.accept(ReferencePipeline.java:179)
	at java.base/java.util.ArrayList$ArrayListSpliterator.forEachRemaining(ArrayList.java:1708)
	at java.base/java.util.stream.AbstractPipeline.copyInto(AbstractPipeline.java:509)
	at java.base/java.util.stream.AbstractPipeline.wrapAndCopyInto(AbstractPipeline.java:499)
	at java.base/java.util.stream.StreamSpliterators$WrappingSpliterator.forEachRemaining(StreamSpliterators.java:310)
	at java.base/java.util.stream.Streams$ConcatSpliterator.forEachRemaining(Streams.java:735)
	at java.base/java.util.stream.Streams$ConcatSpliterator.forEachRemaining(Streams.java:734)
	at java.base/java.util.stream.ReferencePipeline$Head.forEach(ReferencePipeline.java:762)
	at org.junit.jupiter.engine.descriptor.ClassBasedTestDescriptor.invokeTestInstancePostProcessors(ClassBasedTestDescriptor.java:377)
	at org.junit.jupiter.engine.descriptor.ClassBasedTestDescriptor.lambda$instantiateAndPostProcessTestInstance$6(ClassBasedTestDescriptor.java:290)
	at org.junit.platform.engine.support.hierarchical.ThrowableCollector.execute(ThrowableCollector.java:73)
	at org.junit.jupiter.engine.descriptor.ClassBasedTestDescriptor.instantiateAndPostProcessTestInstance(ClassBasedTestDescriptor.java:289)
	at org.junit.jupiter.engine.descriptor.ClassBasedTestDescriptor.lambda$testInstancesProvider$4(ClassBasedTestDescriptor.java:279)
	at java.base/java.util.Optional.orElseGet(Optional.java:364)
	at org.junit.jupiter.engine.descriptor.ClassBasedTestDescriptor.lambda$testInstancesProvider$5(ClassBasedTestDescriptor.java:278)
	at org.junit.jupiter.engine.execution.TestInstancesProvider.getTestInstances(TestInstancesProvider.java:31)
	at org.junit.jupiter.engine.descriptor.TestMethodTestDescriptor.lambda$prepare$0(TestMethodTestDescriptor.java:106)
	at org.junit.platform.engine.support.hierarchical.ThrowableCollector.execute(ThrowableCollector.java:73)
	at org.junit.jupiter.engine.descriptor.TestMethodTestDescriptor.prepare(TestMethodTestDescriptor.java:105)
	at org.junit.jupiter.engine.descriptor.TestMethodTestDescriptor.prepare(TestMethodTestDescriptor.java:69)
	at org.junit.platform.engine.support.hierarchical.NodeTestTask.lambda$prepare$2(NodeTestTask.java:123)
	at org.junit.platform.engine.support.hierarchical.ThrowableCollector.execute(ThrowableCollector.java:73)
	at org.junit.platform.engine.support.hierarchical.NodeTestTask.prepare(NodeTestTask.java:123)
	at org.junit.platform.engine.support.hierarchical.NodeTestTask.execute(NodeTestTask.java:90)
	at java.base/java.util.ArrayList.forEach(ArrayList.java:1596)
	at org.junit.platform.engine.support.hierarchical.SameThreadHierarchicalTestExecutorService.invokeAll(SameThreadHierarchicalTestExecutorService.java:41)
	at org.junit.platform.engine.support.hierarchical.NodeTestTask.lambda$executeRecursively$6(NodeTestTask.java:155)
	at org.junit.platform.engine.support.hierarchical.ThrowableCollector.execute(ThrowableCollector.java:73)
	at org.junit.platform.engine.support.hierarchical.NodeTestTask.lambda$executeRecursively$8(NodeTestTask.java:141)
	at org.junit.platform.engine.support.hierarchical.Node.around(Node.java:137)
	at org.junit.platform.engine.support.hierarchical.NodeTestTask.lambda$executeRecursively$9(NodeTestTask.java:139)
	at org.junit.platform.engine.support.hierarchical.ThrowableCollector.execute(ThrowableCollector.java:73)
	at org.junit.platform.engine.support.hierarchical.NodeTestTask.executeRecursively(NodeTestTask.java:138)
	at org.junit.platform.engine.support.hierarchical.NodeTestTask.execute(NodeTestTask.java:95)
	at java.base/java.util.ArrayList.forEach(ArrayList.java:1596)
	at org.junit.platform.engine.support.hierarchical.SameThreadHierarchicalTestExecutorService.invokeAll(SameThreadHierarchicalTestExecutorService.java:41)
	at org.junit.platform.engine.support.hierarchical.NodeTestTask.lambda$executeRecursively$6(NodeTestTask.java:155)
	at org.junit.platform.engine.support.hierarchical.ThrowableCollector.execute(ThrowableCollector.java:73)
	at org.junit.platform.engine.support.hierarchical.NodeTestTask.lambda$executeRecursively$8(NodeTestTask.java:141)
	at org.junit.platform.engine.support.hierarchical.Node.around(Node.java:137)
	at org.junit.platform.engine.support.hierarchical.NodeTestTask.lambda$executeRecursively$9(NodeTestTask.java:139)
	at org.junit.platform.engine.support.hierarchical.ThrowableCollector.execute(ThrowableCollector.java:73)
	at org.junit.platform.engine.support.hierarchical.NodeTestTask.executeRecursively(NodeTestTask.java:138)
	at org.junit.platform.engine.support.hierarchical.NodeTestTask.execute(NodeTestTask.java:95)
	at org.junit.platform.engine.support.hierarchical.SameThreadHierarchicalTestExecutorService.submit(SameThreadHierarchicalTestExecutorService.java:35)
	at org.junit.platform.engine.support.hierarchical.HierarchicalTestExecutor.execute(HierarchicalTestExecutor.java:57)
	at org.junit.platform.engine.support.hierarchical.HierarchicalTestEngine.execute(HierarchicalTestEngine.java:54)
	at org.junit.platform.launcher.core.DefaultLauncher.execute(DefaultLauncher.java:220)
	at org.junit.platform.launcher.core.DefaultLauncher.lambda$execute$6(DefaultLauncher.java:188)
	at org.junit.platform.launcher.core.DefaultLauncher.withInterceptedStreams(DefaultLauncher.java:202)
	at org.junit.platform.launcher.core.DefaultLauncher.execute(DefaultLauncher.java:181)
	at org.junit.platform.launcher.core.DefaultLauncher.execute(DefaultLauncher.java:128)
	at org.junit.platform.surefire.provider.JUnitPlatformProvider.invokeAllTests(JUnitPlatformProvider.java:155)
	at org.junit.platform.surefire.provider.JUnitPlatformProvider.invoke(JUnitPlatformProvider.java:134)
	at org.apache.maven.surefire.booter.ForkedBooter.invokeProviderInSameClassLoader(ForkedBooter.java:383)
	at org.apache.maven.surefire.booter.ForkedBooter.runSuitesInProcess(ForkedBooter.java:344)
	at org.apache.maven.surefire.booter.ForkedBooter.execute(ForkedBooter.java:125)
	at org.apache.maven.surefire.booter.ForkedBooter.main(ForkedBooter.java:417)
Caused by: org.springframework.beans.factory.UnsatisfiedDependencyException: Error creating bean with name 'crudController': Unsatisfied dependency expressed through field 'jsonReader': No qualifying bean of type 'com.safetynet.alerts.model.JsonReader' available: expected at least 1 bean which qualifies as autowire candidate. Dependency annotations: {@org.springframework.beans.factory.annotation.Autowired(required=true)}
	at org.springframework.beans.factory.annotation.AutowiredAnnotationBeanPostProcessor$AutowiredFieldElement.resolveFieldValue(AutowiredAnnotationBeanPostProcessor.java:787)
	at org.springframework.beans.factory.annotation.AutowiredAnnotationBeanPostProcessor$AutowiredFieldElement.inject(AutowiredAnnotationBeanPostProcessor.java:767)
	at org.springframework.beans.factory.annotation.InjectionMetadata.inject(InjectionMetadata.java:145)
	at org.springframework.beans.factory.annotation.AutowiredAnnotationBeanPostProcessor.postProcessProperties(AutowiredAnnotationBeanPostProcessor.java:508)
	at org.springframework.beans.factory.support.AbstractAutowireCapableBeanFactory.populateBean(AbstractAutowireCapableBeanFactory.java:1418)
	at org.springframework.beans.factory.support.AbstractAutowireCapableBeanFactory.doCreateBean(AbstractAutowireCapableBeanFactory.java:598)
	at org.springframework.beans.factory.support.AbstractAutowireCapableBeanFactory.createBean(AbstractAutowireCapableBeanFactory.java:521)
	at org.springframework.beans.factory.support.AbstractBeanFactory.lambda$doGetBean$0(AbstractBeanFactory.java:325)
	at org.springframework.beans.factory.support.DefaultSingletonBeanRegistry.getSingleton(DefaultSingletonBeanRegistry.java:234)
	at org.springframework.beans.factory.support.AbstractBeanFactory.doGetBean(AbstractBeanFactory.java:323)
	at org.springframework.beans.factory.support.AbstractBeanFactory.getBean(AbstractBeanFactory.java:199)
	at org.springframework.beans.factory.support.DefaultListableBeanFactory.preInstantiateSingletons(DefaultListableBeanFactory.java:975)
	at org.springframework.context.support.AbstractApplicationContext.finishBeanFactoryInitialization(AbstractApplicationContext.java:960)
	at org.springframework.context.support.AbstractApplicationContext.refresh(AbstractApplicationContext.java:625)
	at org.springframework.boot.SpringApplication.refresh(SpringApplication.java:762)
	at org.springframework.boot.SpringApplication.refreshContext(SpringApplication.java:464)
	at org.springframework.boot.SpringApplication.run(SpringApplication.java:334)
	at org.springframework.boot.test.context.SpringBootContextLoader.lambda$loadContext$3(SpringBootContextLoader.java:137)
	at org.springframework.util.function.ThrowingSupplier.get(ThrowingSupplier.java:58)
	at org.springframework.util.function.ThrowingSupplier.get(ThrowingSupplier.java:46)
	at org.springframework.boot.SpringApplication.withHook(SpringApplication.java:1458)
	at org.springframework.boot.test.context.SpringBootContextLoader$ContextLoaderHook.run(SpringBootContextLoader.java:552)
	at org.springframework.boot.test.context.SpringBootContextLoader.loadContext(SpringBootContextLoader.java:137)
	at org.springframework.boot.test.context.SpringBootContextLoader.loadContext(SpringBootContextLoader.java:108)
	at org.springframework.test.context.cache.DefaultCacheAwareContextLoaderDelegate.loadContextInternal(DefaultCacheAwareContextLoaderDelegate.java:225)
	at org.springframework.test.context.cache.DefaultCacheAwareContextLoaderDelegate.loadContext(DefaultCacheAwareContextLoaderDelegate.java:152)
	... 67 common frames omitted
Caused by: org.springframework.beans.factory.NoSuchBeanDefinitionException: No qualifying bean of type 'com.safetynet.alerts.model.JsonReader' available: expected at least 1 bean which qualifies as autowire candidate. Dependency annotations: {@org.springframework.beans.factory.annotation.Autowired(required=true)}
	at org.springframework.beans.factory.support.DefaultListableBeanFactory.raiseNoMatchingBeanFound(DefaultListableBeanFactory.java:1880)
	at org.springframework.beans.factory.support.DefaultListableBeanFactory.doResolveDependency(DefaultListableBeanFactory.java:1406)
	at org.springframework.beans.factory.support.DefaultListableBeanFactory.resolveDependency(DefaultListableBeanFactory.java:1353)
	at org.springframework.beans.factory.annotation.AutowiredAnnotationBeanPostProcessor$AutowiredFieldElement.resolveFieldValue(AutowiredAnnotationBeanPostProcessor.java:784)
	... 92 common frames omitted
2024-02-09 16:54:40.952 [main] INFO  o.s.t.c.s.AnnotationConfigContextLoaderUtils - Could not detect default configuration classes for test class [com.safetynet.alerts.JsonReadTests]: JsonReadTests does not declare any static, non-private, non-final, nested classes annotated with @Configuration.
2024-02-09 16:54:40.960 [main] INFO  o.s.b.t.c.SpringBootTestContextBootstrapper - Found @SpringBootConfiguration com.safetynet.alerts.AlertsApplication for test class com.safetynet.alerts.JsonReadTests
2024-02-09 16:54:41.103 [main] INFO  com.safetynet.alerts.JsonReadTests - Starting JsonReadTests using Java 21 with PID 15320 (started by Pochi in C:\Users\Pochi\Documents\Projet5\alerts\alerts)
2024-02-09 16:54:41.104 [main] INFO  com.safetynet.alerts.JsonReadTests - No active profile set, falling back to 1 default profile: "default"
2024-02-09 16:54:43.316 [main] INFO  com.safetynet.alerts.JsonReadTests - Started JsonReadTests in 2.336 seconds (process running for 10.931)
